<?xml version="1.0" encoding="UTF-8"?>
<!-- Generated by org.testng.reporters.JUnitReportReporter -->
<testsuite skipped="0" hostname="DESKTOP-13RKBDN" name="com.leafBot.testcases.TC001_LoginLogout" tests="2" failures="0" timestamp="07 Sep 2019 12:56:30 GMT" time="22.187" errors="0">
  <testcase name="runTC001" time="7.951" classname="com.leafBot.testcases.TC001_LoginLogout"/>
  <testcase name="runTC001" time="14.236" classname="com.leafBot.testcases.TC001_LoginLogout"/>
</testsuite> <!-- com.leafBot.testcases.TC001_LoginLogout -->
